エラー：484行目
k.uemori@edupress.netエラー：484行目
k.uemori@edupress.netエラー：484行目
k.higaki@edupress.netエラー：484行目
m.shitara@edupress.netエラー：484行目
k.uemori@edupress.netエラー：484行目
y.yamanaka@edupress.netエラー：484行目
k.maruyama@edupress.netエラー：484行目
k.uemori@edupress.netエラー：484行目
maeda.t@innertrip.co.jpエラー：484行目
shuichiro.kogahara@tosho.co.jpエラー：484行目
misa.inoue@pr.cri.co.jpエラー：484行目
k.uemori@edupress.netエラー：484行目
mv123@stars-email.comエラー：484行目
chihiro_mezaki@sanikleen.co.jpエラー：484行目
m.shitara@edupress.netエラー：484行目
info@yoshiishokuhin1-bo.comエラー：484行目
kshiose@abeam.comエラー：484行目
exe-contact@gmo-connect.jpエラー：484行目
exe-contact@gmo-connect.jpエラー：484行目
m.shitara@edupress.netエラー：484行目
m_sato@dreamarts.co.jpエラー：484行目
koki.sonobe@zenken.co.jpエラー：484行目
h.miura@uni-co.netエラー：484行目
sales@pixta.co.jp